<?xml version="1.0" encoding="UTF-8"?>
<!-- Generated by org.testng.reporters.JUnitReportReporter -->
<testsuite hostname="DESKTOP-LCSEJB7" failures="0" tests="1" name="actiTIME.ExcelWorkbook" time="4.710" errors="0" timestamp="2022-07-29T09:48:09 IST" skipped="0">
  <testcase classname="actiTIME.ExcelWorkbook" name="test" time="4.710"/>
  <system-out/>
</testsuite> <!-- actiTIME.ExcelWorkbook -->
